<?xml version="1.0" encoding="UTF-8"?>
<!-- Generated by org.testng.reporters.JUnitReportReporter -->
<testsuite skipped="0" hostname="Rekha-Manwi610" name="com.inetBanking.testCases.BaseClass" tests="1" failures="0" timestamp="2020-06-01T14:26:57 CDT" time="0.005" errors="0">
  <testcase name="start" time="0.005" classname="com.inetBanking.testCases.BaseClass"/>
  <system-out/>
</testsuite> <!-- com.inetBanking.testCases.BaseClass -->
